<?xml version="1.0" encoding="UTF-8"?>
<!-- Generated by org.testng.reporters.JUnitXMLReporter -->
<testsuite hostname="DESKTOP-PHM18A9" ignored="0" name="Scripts" tests="2" failures="2" timestamp="14 Jul 2018 13:06:29 GMT" time="72.492" errors="0">
  <testcase name="SignUp_EmptyFields" time="0.038" classname="Scripts.SignUpTCs">
    <failure type="java.lang.NoClassDefFoundError" message="org/apache/xmlbeans/XmlOptions">
      <![CDATA[java.lang.NoClassDefFoundError: org/apache/xmlbeans/XmlOptions
at org.apache.poi.POIXMLDocumentPart.<clinit>(POIXMLDocumentPart.java:44)
at org.apache.poi.ss.usermodel.WorkbookFactory.create(WorkbookFactory.java:61)
at TestData.ReadExcel.getExcelData(ReadExcel.java:17)
at POM.HomePage.SignUp(HomePage.java:14)
at Scripts.SignUpTCs.SignUp_EmptyFields(SignUpTCs.java:32)
Caused by: java.lang.ClassNotFoundException: org.apache.xmlbeans.XmlOptions
at java.net.URLClassLoader.findClass(URLClassLoader.java:381)
at java.lang.ClassLoader.loadClass(ClassLoader.java:424)
at sun.misc.Launcher$AppClassLoader.loadClass(Launcher.java:349)
at java.lang.ClassLoader.loadClass(ClassLoader.java:357)
... 30 more
... Removed 25 stack frames]]>
    </failure>
  </testcase> <!-- SignUp_EmptyFields -->
  <testcase name="SignIn_EmptyCredentials" time="17.719" classname="Scripts.SignInTCs">
    <failure type="java.lang.NoClassDefFoundError" message="Could not initialize class org.apache.poi.POIXMLDocument">
      <![CDATA[java.lang.NoClassDefFoundError: Could not initialize class org.apache.poi.POIXMLDocument
at org.apache.poi.ss.usermodel.WorkbookFactory.create(WorkbookFactory.java:61)
at TestData.ReadExcel.getExcelData(ReadExcel.java:17)
at POM.LoginPage.Submit(LoginPage.java:41)
at Scripts.SignInTCs.SignIn_EmptyCredentials(SignInTCs.java:39)
... Removed 25 stack frames]]>
    </failure>
  </testcase> <!-- SignIn_EmptyCredentials -->
</testsuite> <!-- Scripts -->
