<?xml version="1.0" encoding="UTF-8"?>
<!-- Generated by org.testng.reporters.JUnitXMLReporter -->
<testsuite hostname="DESKTOP-PHM18A9" ignored="0" name="SigningUp" tests="5" failures="5" timestamp="14 Jul 2018 13:32:06 GMT" time="73.816" errors="0">
  <testcase name="SignUp_EmptyFields" time="0.046" classname="Scripts.SignUpTCs">
    <failure type="java.lang.NoClassDefFoundError" message="org/apache/xmlbeans/XmlOptions">
      <![CDATA[java.lang.NoClassDefFoundError: org/apache/xmlbeans/XmlOptions
at org.apache.poi.POIXMLDocumentPart.<clinit>(POIXMLDocumentPart.java:44)
at org.apache.poi.ss.usermodel.WorkbookFactory.create(WorkbookFactory.java:61)
at TestData.ReadExcel.getExcelData(ReadExcel.java:17)
at POM.HomePage.SignUp(HomePage.java:14)
at Scripts.SignUpTCs.SignUp_EmptyFields(SignUpTCs.java:33)
Caused by: java.lang.ClassNotFoundException: org.apache.xmlbeans.XmlOptions
at java.net.URLClassLoader.findClass(URLClassLoader.java:381)
at java.lang.ClassLoader.loadClass(ClassLoader.java:424)
at sun.misc.Launcher$AppClassLoader.loadClass(Launcher.java:349)
at java.lang.ClassLoader.loadClass(ClassLoader.java:357)
... 30 more
... Removed 25 stack frames]]>
    </failure>
  </testcase> <!-- SignUp_EmptyFields -->
  <testcase name="SignUp_InvalidEmailFormat" time="0.004" classname="Scripts.SignUpTCs">
    <failure type="java.lang.NoClassDefFoundError" message="Could not initialize class org.apache.poi.POIXMLDocument">
      <![CDATA[java.lang.NoClassDefFoundError: Could not initialize class org.apache.poi.POIXMLDocument
at org.apache.poi.ss.usermodel.WorkbookFactory.create(WorkbookFactory.java:61)
at TestData.ReadExcel.getExcelData(ReadExcel.java:17)
at POM.SignUpPage.Email(SignUpPage.java:14)
at Scripts.SignUpTCs.SignUp_InvalidEmailFormat(SignUpTCs.java:44)
... Removed 25 stack frames]]>
    </failure>
  </testcase> <!-- SignUp_InvalidEmailFormat -->
  <testcase name="SignUp_InvalidName" time="0.003" classname="Scripts.SignUpTCs">
    <failure type="java.lang.NoClassDefFoundError" message="Could not initialize class org.apache.poi.POIXMLDocument">
      <![CDATA[java.lang.NoClassDefFoundError: Could not initialize class org.apache.poi.POIXMLDocument
at org.apache.poi.ss.usermodel.WorkbookFactory.create(WorkbookFactory.java:61)
at TestData.ReadExcel.getExcelData(ReadExcel.java:17)
at POM.SignUpPage.Name(SignUpPage.java:20)
at Scripts.SignUpTCs.SignUp_InvalidName(SignUpTCs.java:55)
... Removed 25 stack frames]]>
    </failure>
  </testcase> <!-- SignUp_InvalidName -->
  <testcase name="SignUp_AlreadyUsedEmail" time="0.003" classname="Scripts.SignUpTCs">
    <failure type="java.lang.NoClassDefFoundError" message="Could not initialize class org.apache.poi.POIXMLDocument">
      <![CDATA[java.lang.NoClassDefFoundError: Could not initialize class org.apache.poi.POIXMLDocument
at org.apache.poi.ss.usermodel.WorkbookFactory.create(WorkbookFactory.java:61)
at TestData.ReadExcel.getExcelData(ReadExcel.java:17)
at POM.SignUpPage.Email(SignUpPage.java:14)
at Scripts.SignUpTCs.SignUp_AlreadyUsedEmail(SignUpTCs.java:80)
... Removed 25 stack frames]]>
    </failure>
  </testcase> <!-- SignUp_AlreadyUsedEmail -->
  <testcase name="SignUp_PasswordValidation" time="0.006" classname="Scripts.SignUpTCs">
    <failure type="java.lang.NoClassDefFoundError" message="Could not initialize class org.apache.poi.POIXMLDocument">
      <![CDATA[java.lang.NoClassDefFoundError: Could not initialize class org.apache.poi.POIXMLDocument
at org.apache.poi.ss.usermodel.WorkbookFactory.create(WorkbookFactory.java:61)
at TestData.ReadExcel.getExcelData(ReadExcel.java:17)
at POM.SignUpPage.Password(SignUpPage.java:26)
at Scripts.SignUpTCs.SignUp_PasswordValidation(SignUpTCs.java:66)
... Removed 25 stack frames]]>
    </failure>
  </testcase> <!-- SignUp_PasswordValidation -->
</testsuite> <!-- SigningUp -->
