<?xml version="1.0" encoding="UTF-8"?>
<!-- Generated by org.testng.reporters.JUnitXMLReporter -->
<testsuite hostname="DESKTOP-PHM18A9" ignored="0" name="Signing-In" tests="5" failures="5" timestamp="14 Jul 2018 12:59:24 GMT" time="13.202" errors="0">
  <testcase name="SignIn_EmptyCredentials" time="13.165" classname="Scripts.SignInTCs">
    <failure type="java.lang.NoClassDefFoundError" message="Could not initialize class org.apache.poi.POIXMLDocument">
      <![CDATA[java.lang.NoClassDefFoundError: Could not initialize class org.apache.poi.POIXMLDocument
at org.apache.poi.ss.usermodel.WorkbookFactory.create(WorkbookFactory.java:61)
at TestData.ReadExcel.getExcelData(ReadExcel.java:17)
at POM.LoginPage.Submit(LoginPage.java:41)
at Scripts.SignInTCs.SignIn_EmptyCredentials(SignInTCs.java:39)
... Removed 25 stack frames]]>
    </failure>
  </testcase> <!-- SignIn_EmptyCredentials -->
  <testcase name="SignIn_InvalidEmailFormat" time="0.002" classname="Scripts.SignInTCs">
    <failure type="java.lang.NoClassDefFoundError" message="Could not initialize class org.apache.poi.POIXMLDocument">
      <![CDATA[java.lang.NoClassDefFoundError: Could not initialize class org.apache.poi.POIXMLDocument
at org.apache.poi.ss.usermodel.WorkbookFactory.create(WorkbookFactory.java:61)
at TestData.ReadExcel.getExcelData(ReadExcel.java:17)
at POM.LoginPage.Email(LoginPage.java:14)
at Scripts.SignInTCs.SignIn_InvalidEmailFormat(SignInTCs.java:47)
... Removed 25 stack frames]]>
    </failure>
  </testcase> <!-- SignIn_InvalidEmailFormat -->
  <testcase name="SignIn_ShortPassword" time="0.002" classname="Scripts.SignInTCs">
    <failure type="java.lang.NoClassDefFoundError" message="Could not initialize class org.apache.poi.POIXMLDocument">
      <![CDATA[java.lang.NoClassDefFoundError: Could not initialize class org.apache.poi.POIXMLDocument
at org.apache.poi.ss.usermodel.WorkbookFactory.create(WorkbookFactory.java:61)
at TestData.ReadExcel.getExcelData(ReadExcel.java:17)
at POM.LoginPage.Password(LoginPage.java:20)
at Scripts.SignInTCs.SignIn_ShortPassword(SignInTCs.java:58)
... Removed 25 stack frames]]>
    </failure>
  </testcase> <!-- SignIn_ShortPassword -->
  <testcase name="SignIn_UnexistingAccount" time="0.002" classname="Scripts.SignInTCs">
    <failure type="java.lang.NoClassDefFoundError" message="Could not initialize class org.apache.poi.POIXMLDocument">
      <![CDATA[java.lang.NoClassDefFoundError: Could not initialize class org.apache.poi.POIXMLDocument
at org.apache.poi.ss.usermodel.WorkbookFactory.create(WorkbookFactory.java:61)
at TestData.ReadExcel.getExcelData(ReadExcel.java:17)
at POM.LoginPage.Email(LoginPage.java:14)
at Scripts.SignInTCs.SignIn_UnexistingAccount(SignInTCs.java:68)
... Removed 25 stack frames]]>
    </failure>
  </testcase> <!-- SignIn_UnexistingAccount -->
  <testcase name="SignIn_Successfully" time="0.002" classname="Scripts.SignInTCs">
    <failure type="java.lang.NoClassDefFoundError" message="Could not initialize class org.apache.poi.POIXMLDocument">
      <![CDATA[java.lang.NoClassDefFoundError: Could not initialize class org.apache.poi.POIXMLDocument
at org.apache.poi.ss.usermodel.WorkbookFactory.create(WorkbookFactory.java:61)
at TestData.ReadExcel.getExcelData(ReadExcel.java:17)
at POM.LoginPage.Email(LoginPage.java:14)
at Scripts.SignInTCs.SignIn_Successfully(SignInTCs.java:83)
... Removed 25 stack frames]]>
    </failure>
  </testcase> <!-- SignIn_Successfully -->
</testsuite> <!-- Signing-In -->
