<?xml version="1.0" encoding="UTF-8"?>
<!-- Generated by org.testng.reporters.JUnitXMLReporter -->
<testsuite hostname="DESKTOP-PHM18A9" ignored="0" name="Test" tests="10" failures="0" timestamp="14 Jul 2018 17:12:13 GMT" time="75.099" errors="0">
  <testcase name="SignUp_EmptyFields" time="11.267" classname="Scripts.SignUpTCs"/>
  <testcase name="SignUp_InvalidEmailFormat" time="3.559" classname="Scripts.SignUpTCs"/>
  <testcase name="SignUp_InvalidName" time="3.262" classname="Scripts.SignUpTCs"/>
  <testcase name="SignUp_AlreadyUsedEmail" time="6.141" classname="Scripts.SignUpTCs"/>
  <testcase name="SignUp_PasswordValidation" time="6.609" classname="Scripts.SignUpTCs"/>
  <testcase name="SignIn_EmptyCredentials" time="9.947" classname="Scripts.SignInTCs"/>
  <testcase name="SignIn_InvalidEmailFormat" time="3.354" classname="Scripts.SignInTCs"/>
  <testcase name="SignIn_ShortPassword" time="3.281" classname="Scripts.SignInTCs"/>
  <testcase name="SignIn_UnexistingAccount" time="3.008" classname="Scripts.SignInTCs"/>
  <testcase name="SignIn_Successfully" time="3.698" classname="Scripts.SignInTCs"/>
</testsuite> <!-- Test -->
