<?xml version="1.0" encoding="UTF-8"?>
<testng-results skipped="0" failed="0" ignored="0" total="10" passed="10">
  <reporter-output>
  </reporter-output>
  <suite name="Suite" duration-ms="75099" started-at="2018-07-14T17:10:58Z" finished-at="2018-07-14T17:12:13Z">
    <groups>
    </groups>
    <test name="Test" duration-ms="75099" started-at="2018-07-14T17:10:58Z" finished-at="2018-07-14T17:12:13Z">
      <class name="Scripts.SignUpTCs">
        <test-method status="PASS" signature="setUp()[pri:0, instance:Scripts.SignUpTCs@1b68ddbd]" name="setUp" is-config="true" duration-ms="20933" started-at="2018-07-14T17:10:58Z" finished-at="2018-07-14T17:11:19Z">
          <reporter-output>
          </reporter-output>
        </test-method> <!-- setUp -->
        <test-method status="PASS" signature="SignUp_EmptyFields()[pri:1, instance:Scripts.SignUpTCs@1b68ddbd]" name="SignUp_EmptyFields" duration-ms="11267" started-at="2018-07-14T17:11:19Z" finished-at="2018-07-14T17:11:30Z">
          <reporter-output>
          </reporter-output>
        </test-method> <!-- SignUp_EmptyFields -->
        <test-method status="PASS" signature="SignUp_InvalidEmailFormat()[pri:2, instance:Scripts.SignUpTCs@1b68ddbd]" name="SignUp_InvalidEmailFormat" duration-ms="3559" started-at="2018-07-14T17:11:30Z" finished-at="2018-07-14T17:11:34Z">
          <reporter-output>
          </reporter-output>
        </test-method> <!-- SignUp_InvalidEmailFormat -->
        <test-method status="PASS" signature="SignUp_InvalidName()[pri:3, instance:Scripts.SignUpTCs@1b68ddbd]" name="SignUp_InvalidName" duration-ms="3262" started-at="2018-07-14T17:11:34Z" finished-at="2018-07-14T17:11:37Z">
          <reporter-output>
          </reporter-output>
        </test-method> <!-- SignUp_InvalidName -->
        <test-method status="PASS" signature="SignUp_AlreadyUsedEmail()[pri:4, instance:Scripts.SignUpTCs@1b68ddbd]" name="SignUp_AlreadyUsedEmail" duration-ms="6141" started-at="2018-07-14T17:11:37Z" finished-at="2018-07-14T17:11:43Z">
          <reporter-output>
          </reporter-output>
        </test-method> <!-- SignUp_AlreadyUsedEmail -->
        <test-method status="PASS" signature="SignUp_PasswordValidation()[pri:4, instance:Scripts.SignUpTCs@1b68ddbd]" name="SignUp_PasswordValidation" duration-ms="6609" started-at="2018-07-14T17:11:43Z" finished-at="2018-07-14T17:11:50Z">
          <reporter-output>
          </reporter-output>
        </test-method> <!-- SignUp_PasswordValidation -->
      </class> <!-- Scripts.SignUpTCs -->
      <class name="Scripts.SignInTCs">
        <test-method status="PASS" signature="SignIn_EmptyCredentials()[pri:6, instance:Scripts.SignInTCs@646d64ab]" name="SignIn_EmptyCredentials" duration-ms="9947" started-at="2018-07-14T17:11:50Z" finished-at="2018-07-14T17:12:00Z">
          <reporter-output>
          </reporter-output>
        </test-method> <!-- SignIn_EmptyCredentials -->
        <test-method status="PASS" signature="SignIn_InvalidEmailFormat()[pri:7, instance:Scripts.SignInTCs@646d64ab]" name="SignIn_InvalidEmailFormat" duration-ms="3354" started-at="2018-07-14T17:12:00Z" finished-at="2018-07-14T17:12:03Z">
          <reporter-output>
          </reporter-output>
        </test-method> <!-- SignIn_InvalidEmailFormat -->
        <test-method status="PASS" signature="SignIn_ShortPassword()[pri:8, instance:Scripts.SignInTCs@646d64ab]" name="SignIn_ShortPassword" duration-ms="3281" started-at="2018-07-14T17:12:03Z" finished-at="2018-07-14T17:12:06Z">
          <reporter-output>
          </reporter-output>
        </test-method> <!-- SignIn_ShortPassword -->
        <test-method status="PASS" signature="SignIn_UnexistingAccount()[pri:9, instance:Scripts.SignInTCs@646d64ab]" name="SignIn_UnexistingAccount" duration-ms="3008" started-at="2018-07-14T17:12:06Z" finished-at="2018-07-14T17:12:09Z">
          <reporter-output>
          </reporter-output>
        </test-method> <!-- SignIn_UnexistingAccount -->
        <test-method status="PASS" signature="SignIn_Successfully()[pri:10, instance:Scripts.SignInTCs@646d64ab]" name="SignIn_Successfully" duration-ms="3698" started-at="2018-07-14T17:12:09Z" finished-at="2018-07-14T17:12:13Z">
          <reporter-output>
          </reporter-output>
        </test-method> <!-- SignIn_Successfully -->
      </class> <!-- Scripts.SignInTCs -->
    </test> <!-- Test -->
  </suite> <!-- Suite -->
</testng-results>
