<?xml version="1.0" encoding="UTF-8"?>
<testng-results skipped="0" failed="0" ignored="0" total="3" passed="3">
  <reporter-output>
  </reporter-output>
  <suite name="Default suite" duration-ms="71895" started-at="2018-07-22T11:49:07Z" finished-at="2018-07-22T11:50:19Z">
    <groups>
    </groups>
    <test name="Default test" duration-ms="71895" started-at="2018-07-22T11:49:07Z" finished-at="2018-07-22T11:50:19Z">
      <class name="Scripts.TCs">
        <test-method status="PASS" signature="setUp()[pri:0, instance:Scripts.TCs@27a8c74e]" name="setUp" is-config="true" duration-ms="16654" started-at="2018-07-22T11:49:07Z" finished-at="2018-07-22T11:49:24Z">
          <reporter-output>
          </reporter-output>
        </test-method> <!-- setUp -->
        <test-method status="PASS" signature="SignUp()[pri:1, instance:Scripts.TCs@27a8c74e]" name="SignUp" duration-ms="26659" started-at="2018-07-22T11:49:24Z" finished-at="2018-07-22T11:49:51Z">
          <reporter-output>
          </reporter-output>
        </test-method> <!-- SignUp -->
        <test-method status="PASS" signature="SignIn()[pri:2, instance:Scripts.TCs@27a8c74e]" name="SignIn" duration-ms="4932" started-at="2018-07-22T11:49:51Z" finished-at="2018-07-22T11:49:56Z">
          <reporter-output>
          </reporter-output>
        </test-method> <!-- SignIn -->
        <test-method status="PASS" signature="AddItemToCart()[pri:3, instance:Scripts.TCs@27a8c74e]" name="AddItemToCart" duration-ms="23609" started-at="2018-07-22T11:49:56Z" finished-at="2018-07-22T11:50:19Z">
          <reporter-output>
          </reporter-output>
        </test-method> <!-- AddItemToCart -->
      </class> <!-- Scripts.TCs -->
    </test> <!-- Default test -->
  </suite> <!-- Default suite -->
</testng-results>
